2025-04-15 12:57:01 - [32minfo[39m: Creating configuration file...
2025-04-15 12:57:01 - [34mdebug[39m: requireModuleV3 :: module - @playwright/test/package.json, package - @playwright/test
2025-04-15 12:57:01 - [34mdebug[39m: Resolved from resolveModuleV3 :: Path - /Users/trupti/Desktop/PlaywrightCucumber/node_modules/@playwright/test/package.json
2025-04-15 12:57:01 - [34mdebug[39m: requireModuleV3 :: module - selenium-webdriver/package.json, package - selenium-webdriver
2025-04-15 12:57:01 - [34mdebug[39m: Unable to resolve module with requireModuleV3 with error: Error: Cannot find module 'selenium-webdriver'
Require stack:
- /Users/trupti/Desktop/PlaywrightCucumber/node_modules/browserstack-node-sdk/src/helpers/helper.js
- /Users/trupti/Desktop/PlaywrightCucumber/node_modules/browserstack-node-sdk/src/bin/setup.js
2025-04-15 12:57:01 - [34mdebug[39m: requireModuleV2 :: module - selenium-webdriver/package.json, package - selenium-webdriver
2025-04-15 12:57:01 - [34mdebug[39m: Getting selenium-webdriver/package.json from /Users/trupti/Desktop/PlaywrightCucumber
2025-04-15 12:57:01 - [34mdebug[39m: selenium-webdriver/package.json doesn't exist at /Users/trupti/Desktop/PlaywrightCucumber
2025-04-15 12:57:01 - [34mdebug[39m: Getting selenium-webdriver/package.json from path /Users/trupti/Desktop/PlaywrightCucumber
2025-04-15 12:57:01 - [34mdebug[39m: Getting selenium-webdriver/package.json from null
2025-04-15 12:57:01 - [34mdebug[39m: Error while loading package. Error: selenium-webdriver/package.json doesn't exist.
2025-04-15 12:57:01 - [34mdebug[39m: requireModuleV3 :: module - selenium-webdriver/package.json, package - selenium-webdriver
2025-04-15 12:57:01 - [34mdebug[39m: Unable to resolve module with requireModuleV3 with error: Error: Cannot find module 'selenium-webdriver'
Require stack:
- /Users/trupti/Desktop/PlaywrightCucumber/node_modules/browserstack-node-sdk/src/helpers/helper.js
- /Users/trupti/Desktop/PlaywrightCucumber/node_modules/browserstack-node-sdk/src/bin/setup.js
2025-04-15 12:57:01 - [34mdebug[39m: requireModuleV2 :: module - selenium-webdriver/package.json, package - selenium-webdriver
2025-04-15 12:57:01 - [34mdebug[39m: Getting selenium-webdriver/package.json from /Users/trupti/Desktop/PlaywrightCucumber
2025-04-15 12:57:01 - [34mdebug[39m: selenium-webdriver/package.json doesn't exist at /Users/trupti/Desktop/PlaywrightCucumber
2025-04-15 12:57:01 - [34mdebug[39m: Getting selenium-webdriver/package.json from path /Users/trupti/Desktop/PlaywrightCucumber
2025-04-15 12:57:01 - [34mdebug[39m: Getting selenium-webdriver/package.json from null
2025-04-15 12:57:01 - [34mdebug[39m: Error while loading package. Error: selenium-webdriver/package.json doesn't exist.
2025-04-15 12:57:01 - [34mdebug[39m: Firing SDK event for funnel data: {"userName":"[REDACTED]","accessKey":"[REDACTED]","event_type":"SDKSetup","detectedFramework":"","optimalHubUrl":[],"event_properties":{"testhub_uuid":"","product_map":{"observability":true,"accessibility":false,"percy":false,"automate":true,"app_automate":false,"central_scanner":false,"lcnc":false},"productMap":{"observability":true,"accessibility":false,"percy":false,"automate":true,"app_automate":false,"central_scanner":false,"lcnc":false},"language_framework":"node-setup","referrer":"nodeagent/1.34.52","frameworkVersion":null,"automationFramework":"selenium","automationFrameworkVersion":null,"language":"nodejs","languageVersion":"v22.12.0","product":["automate","observability"],"buildName":"browserstack build","buildIdentifier":"#${BUILD_NUMBER}","os":"Darwin","hostname":"Vishals-MacBook-Air.local","seleniumVersion":null}}
2025-04-15 12:57:01 - [32minfo[39m: Adding new script(s) in package.json...
2025-04-15 12:57:01 - [32minfo[39m: Setup completed
2025-04-15 12:57:02 - [34mdebug[39m: API Event SDKSetup response - {"data":{"message":"SDK Event recorded successfully"},"body":"{\"message\":\"SDK Event recorded successfully\"}","statusCode":200}
2025-04-15 13:04:29 - [32minfo[39m: Running SDK with args /usr/local/bin/node /Users/trupti/Desktop/PlaywrightCucumber/node_modules/.bin/browserstack-node-sdk cucumber-js test
2025-04-15 13:04:29 - [32minfo[39m: Reading configs from /Users/trupti/Desktop/PlaywrightCucumber/browserstack.yml
2025-04-15 13:04:29 - [32minfo[39m: SDK run started with id: 431967ea-0a95-4fe8-8fad-68e29df2e904
2025-04-15 13:04:29 - [34mdebug[39m: requireModuleV3 :: module - selenium-webdriver/package.json, package - selenium-webdriver
2025-04-15 13:04:29 - [34mdebug[39m: Unable to resolve module with requireModuleV3 with error: Error: Cannot find module 'selenium-webdriver'
Require stack:
- /Users/trupti/Desktop/PlaywrightCucumber/node_modules/browserstack-node-sdk/src/helpers/helper.js
- /Users/trupti/Desktop/PlaywrightCucumber/node_modules/browserstack-node-sdk/src/bin/runner.js
2025-04-15 13:04:29 - [34mdebug[39m: requireModuleV2 :: module - selenium-webdriver/package.json, package - selenium-webdriver
2025-04-15 13:04:29 - [34mdebug[39m: Getting selenium-webdriver/package.json from /Users/trupti/Desktop/PlaywrightCucumber
2025-04-15 13:04:29 - [34mdebug[39m: selenium-webdriver/package.json doesn't exist at /Users/trupti/Desktop/PlaywrightCucumber
2025-04-15 13:04:29 - [34mdebug[39m: Getting selenium-webdriver/package.json from path /Users/trupti/Desktop/PlaywrightCucumber
2025-04-15 13:04:29 - [34mdebug[39m: Getting selenium-webdriver/package.json from null
2025-04-15 13:04:29 - [34mdebug[39m: Error while loading package. Error: selenium-webdriver/package.json doesn't exist.
2025-04-15 13:04:29 - [34mdebug[39m: requireModuleV3 :: module - selenium-webdriver/package.json, package - selenium-webdriver
2025-04-15 13:04:29 - [34mdebug[39m: Unable to resolve module with requireModuleV3 with error: Error: Cannot find module 'selenium-webdriver'
Require stack:
- /Users/trupti/Desktop/PlaywrightCucumber/node_modules/browserstack-node-sdk/src/helpers/helper.js
- /Users/trupti/Desktop/PlaywrightCucumber/node_modules/browserstack-node-sdk/src/bin/runner.js
2025-04-15 13:04:29 - [34mdebug[39m: requireModuleV2 :: module - selenium-webdriver/package.json, package - selenium-webdriver
2025-04-15 13:04:29 - [34mdebug[39m: Getting selenium-webdriver/package.json from /Users/trupti/Desktop/PlaywrightCucumber
2025-04-15 13:04:29 - [34mdebug[39m: selenium-webdriver/package.json doesn't exist at /Users/trupti/Desktop/PlaywrightCucumber
2025-04-15 13:04:29 - [34mdebug[39m: Getting selenium-webdriver/package.json from path /Users/trupti/Desktop/PlaywrightCucumber
2025-04-15 13:04:29 - [34mdebug[39m: Getting selenium-webdriver/package.json from null
2025-04-15 13:04:29 - [34mdebug[39m: Error while loading package. Error: selenium-webdriver/package.json doesn't exist.
2025-04-15 13:04:29 - [31merror[39m: TypeError: Cannot read properties of null (reading 'split')
    at exports.<computed> [as compareVersions] (/Users/trupti/Desktop/PlaywrightCucumber/node_modules/browserstack-node-sdk/src/helpers/helper.js:1:150682)
    at new BrowserStackSetup (/Users/trupti/Desktop/PlaywrightCucumber/node_modules/browserstack-node-sdk/src/helpers/BrowserStackSetup.js:1:7101)
    at run (/Users/trupti/Desktop/PlaywrightCucumber/node_modules/browserstack-node-sdk/src/bin/cucumber-js/command.js:2:8281)
    at Object.VfsKX (/Users/trupti/Desktop/PlaywrightCucumber/node_modules/browserstack-node-sdk/src/bin/runner.js:2:3354)
    at captureError (/Users/trupti/Desktop/PlaywrightCucumber/node_modules/browserstack-node-sdk/src/bin/runner.js:2:3516)
    at Object.roRLO (/Users/trupti/Desktop/PlaywrightCucumber/node_modules/browserstack-node-sdk/src/bin/runner.js:2:7968)
    at /Users/trupti/Desktop/PlaywrightCucumber/node_modules/browserstack-node-sdk/src/bin/runner.js:2:8188
    at _.applyBuilderUpdateUsageAndParse (/Users/trupti/Desktop/PlaywrightCucumber/node_modules/yargs/build/index.cjs:1:7435)
    at _.runCommand (/Users/trupti/Desktop/PlaywrightCucumber/node_modules/yargs/build/index.cjs:1:7078)
    at [runYargsParserAndExecuteCommands] (/Users/trupti/Desktop/PlaywrightCucumber/node_modules/yargs/build/index.cjs:1:58539)
2025-04-15 13:04:29 - [34mdebug[39m: requireModuleV3 :: module - @playwright/test/package.json, package - @playwright/test
2025-04-15 13:04:29 - [34mdebug[39m: Resolved from resolveModuleV3 :: Path - /Users/trupti/Desktop/PlaywrightCucumber/node_modules/@playwright/test/package.json
2025-04-15 13:04:29 - [34mdebug[39m: requireModuleV3 :: module - selenium-webdriver/package.json, package - selenium-webdriver
2025-04-15 13:04:29 - [34mdebug[39m: Unable to resolve module with requireModuleV3 with error: Error: Cannot find module 'selenium-webdriver'
Require stack:
- /Users/trupti/Desktop/PlaywrightCucumber/node_modules/browserstack-node-sdk/src/helpers/helper.js
- /Users/trupti/Desktop/PlaywrightCucumber/node_modules/browserstack-node-sdk/src/bin/runner.js
2025-04-15 13:04:29 - [34mdebug[39m: requireModuleV2 :: module - selenium-webdriver/package.json, package - selenium-webdriver
2025-04-15 13:04:29 - [34mdebug[39m: Getting selenium-webdriver/package.json from /Users/trupti/Desktop/PlaywrightCucumber
2025-04-15 13:04:29 - [34mdebug[39m: selenium-webdriver/package.json doesn't exist at /Users/trupti/Desktop/PlaywrightCucumber
2025-04-15 13:04:29 - [34mdebug[39m: Getting selenium-webdriver/package.json from path /Users/trupti/Desktop/PlaywrightCucumber
2025-04-15 13:04:29 - [34mdebug[39m: Getting selenium-webdriver/package.json from null
2025-04-15 13:04:29 - [34mdebug[39m: Error while loading package. Error: selenium-webdriver/package.json doesn't exist.
2025-04-15 13:04:29 - [34mdebug[39m: requireModuleV3 :: module - selenium-webdriver/package.json, package - selenium-webdriver
2025-04-15 13:04:29 - [34mdebug[39m: Unable to resolve module with requireModuleV3 with error: Error: Cannot find module 'selenium-webdriver'
Require stack:
- /Users/trupti/Desktop/PlaywrightCucumber/node_modules/browserstack-node-sdk/src/helpers/helper.js
- /Users/trupti/Desktop/PlaywrightCucumber/node_modules/browserstack-node-sdk/src/bin/runner.js
2025-04-15 13:04:29 - [34mdebug[39m: requireModuleV2 :: module - selenium-webdriver/package.json, package - selenium-webdriver
2025-04-15 13:04:29 - [34mdebug[39m: Getting selenium-webdriver/package.json from /Users/trupti/Desktop/PlaywrightCucumber
2025-04-15 13:04:29 - [34mdebug[39m: selenium-webdriver/package.json doesn't exist at /Users/trupti/Desktop/PlaywrightCucumber
2025-04-15 13:04:29 - [34mdebug[39m: Getting selenium-webdriver/package.json from path /Users/trupti/Desktop/PlaywrightCucumber
2025-04-15 13:04:29 - [34mdebug[39m: Getting selenium-webdriver/package.json from null
2025-04-15 13:04:29 - [34mdebug[39m: Error while loading package. Error: selenium-webdriver/package.json doesn't exist.
2025-04-15 13:04:29 - [34mdebug[39m: Firing SDK event for funnel data: {"userName":"[REDACTED]","accessKey":"[REDACTED]","event_type":"SDKTestSuccessful","detectedFramework":"cucumber-js","optimalHubUrl":[],"event_properties":{"testhub_uuid":"","sdkRunId":"431967ea-0a95-4fe8-8fad-68e29df2e904","product_map":{"observability":true,"accessibility":false,"percy":false,"automate":true,"app_automate":false,"central_scanner":false,"lcnc":false},"productMap":{"observability":true,"accessibility":false,"percy":false,"automate":true,"app_automate":false,"central_scanner":false,"lcnc":false},"language_framework":"unknown","referrer":"cucumber-js-nodeagent/1.34.52","frameworkVersion":null,"automationFramework":"selenium","automationFrameworkVersion":null,"language":"nodejs","languageVersion":"v22.12.0","product":["automate","observability"],"buildName":"playwrightcucumber build","buildIdentifier":"#1","os":"Darwin","hostname":"Vishals-MacBook-Air.local","globalException":"Cannot read properties of null (reading 'split')","browserStackConfig":{"platforms":[{"os":"OS X","osVersion":"Big Sur","browserName":"Chrome","browserVersion":"latest"},{"os":"Windows","osVersion":10,"browserName":"Edge","browserVersion":"latest"},{"deviceName":"Samsung Galaxy S22 Ultra","browserName":"chrome","osVersion":12}],"parallelsPerPlatform":1,"browserstackLocal":true,"testObservability":true,"testContextOptions":{"skipSessionStatus":false,"skipSessionName":false},"browserStackLocalOptions":{"localIdentifier":"15_Apr_1304_Vishals-MacBook-Air.local_hbvv","skipBinaryInitialisation":false}},"seleniumVersion":null}}
2025-04-15 13:04:29 - [34mdebug[39m: API Event SDKTestSuccessful response - {"data":{"message":"SDK Event recorded successfully"},"body":"{\"message\":\"SDK Event recorded successfully\"}","statusCode":200}
2025-04-15 13:13:37 - [32minfo[39m: Running SDK with args /usr/local/bin/node /Users/trupti/Desktop/PlaywrightCucumber/node_modules/.bin/browserstack-node-sdk cucumber-js test
2025-04-15 13:13:37 - [32minfo[39m: Reading configs from /Users/trupti/Desktop/PlaywrightCucumber/browserstack.yml
2025-04-15 13:13:37 - [32minfo[39m: SDK run started with id: d9cf6a93-8e77-4760-83b7-5f0e32151516
2025-04-15 13:13:37 - [34mdebug[39m: requireModuleV3 :: module - selenium-webdriver/package.json, package - selenium-webdriver
2025-04-15 13:13:37 - [34mdebug[39m: Unable to resolve module with requireModuleV3 with error: Error: Cannot find module 'selenium-webdriver'
Require stack:
- /Users/trupti/Desktop/PlaywrightCucumber/node_modules/browserstack-node-sdk/src/helpers/helper.js
- /Users/trupti/Desktop/PlaywrightCucumber/node_modules/browserstack-node-sdk/src/bin/runner.js
2025-04-15 13:13:37 - [34mdebug[39m: requireModuleV2 :: module - selenium-webdriver/package.json, package - selenium-webdriver
2025-04-15 13:13:37 - [34mdebug[39m: Getting selenium-webdriver/package.json from /Users/trupti/Desktop/PlaywrightCucumber
2025-04-15 13:13:37 - [34mdebug[39m: selenium-webdriver/package.json doesn't exist at /Users/trupti/Desktop/PlaywrightCucumber
2025-04-15 13:13:37 - [34mdebug[39m: Getting selenium-webdriver/package.json from path /Users/trupti/Desktop/PlaywrightCucumber
2025-04-15 13:13:37 - [34mdebug[39m: Getting selenium-webdriver/package.json from null
2025-04-15 13:13:37 - [34mdebug[39m: Error while loading package. Error: selenium-webdriver/package.json doesn't exist.
2025-04-15 13:13:37 - [34mdebug[39m: requireModuleV3 :: module - selenium-webdriver/package.json, package - selenium-webdriver
2025-04-15 13:13:37 - [34mdebug[39m: Unable to resolve module with requireModuleV3 with error: Error: Cannot find module 'selenium-webdriver'
Require stack:
- /Users/trupti/Desktop/PlaywrightCucumber/node_modules/browserstack-node-sdk/src/helpers/helper.js
- /Users/trupti/Desktop/PlaywrightCucumber/node_modules/browserstack-node-sdk/src/bin/runner.js
2025-04-15 13:13:37 - [34mdebug[39m: requireModuleV2 :: module - selenium-webdriver/package.json, package - selenium-webdriver
2025-04-15 13:13:37 - [34mdebug[39m: Getting selenium-webdriver/package.json from /Users/trupti/Desktop/PlaywrightCucumber
2025-04-15 13:13:37 - [34mdebug[39m: selenium-webdriver/package.json doesn't exist at /Users/trupti/Desktop/PlaywrightCucumber
2025-04-15 13:13:37 - [34mdebug[39m: Getting selenium-webdriver/package.json from path /Users/trupti/Desktop/PlaywrightCucumber
2025-04-15 13:13:37 - [34mdebug[39m: Getting selenium-webdriver/package.json from null
2025-04-15 13:13:37 - [34mdebug[39m: Error while loading package. Error: selenium-webdriver/package.json doesn't exist.
2025-04-15 13:13:37 - [31merror[39m: TypeError: Cannot read properties of null (reading 'split')
    at exports.<computed> [as compareVersions] (/Users/trupti/Desktop/PlaywrightCucumber/node_modules/browserstack-node-sdk/src/helpers/helper.js:1:150682)
    at new BrowserStackSetup (/Users/trupti/Desktop/PlaywrightCucumber/node_modules/browserstack-node-sdk/src/helpers/BrowserStackSetup.js:1:7101)
    at run (/Users/trupti/Desktop/PlaywrightCucumber/node_modules/browserstack-node-sdk/src/bin/cucumber-js/command.js:2:8281)
    at Object.VfsKX (/Users/trupti/Desktop/PlaywrightCucumber/node_modules/browserstack-node-sdk/src/bin/runner.js:2:3354)
    at captureError (/Users/trupti/Desktop/PlaywrightCucumber/node_modules/browserstack-node-sdk/src/bin/runner.js:2:3516)
    at Object.roRLO (/Users/trupti/Desktop/PlaywrightCucumber/node_modules/browserstack-node-sdk/src/bin/runner.js:2:7968)
    at /Users/trupti/Desktop/PlaywrightCucumber/node_modules/browserstack-node-sdk/src/bin/runner.js:2:8188
    at _.applyBuilderUpdateUsageAndParse (/Users/trupti/Desktop/PlaywrightCucumber/node_modules/yargs/build/index.cjs:1:7435)
    at _.runCommand (/Users/trupti/Desktop/PlaywrightCucumber/node_modules/yargs/build/index.cjs:1:7078)
    at [runYargsParserAndExecuteCommands] (/Users/trupti/Desktop/PlaywrightCucumber/node_modules/yargs/build/index.cjs:1:58539)
2025-04-15 13:13:37 - [34mdebug[39m: requireModuleV3 :: module - @playwright/test/package.json, package - @playwright/test
2025-04-15 13:13:37 - [34mdebug[39m: Resolved from resolveModuleV3 :: Path - /Users/trupti/Desktop/PlaywrightCucumber/node_modules/@playwright/test/package.json
2025-04-15 13:13:37 - [34mdebug[39m: requireModuleV3 :: module - selenium-webdriver/package.json, package - selenium-webdriver
2025-04-15 13:13:37 - [34mdebug[39m: Unable to resolve module with requireModuleV3 with error: Error: Cannot find module 'selenium-webdriver'
Require stack:
- /Users/trupti/Desktop/PlaywrightCucumber/node_modules/browserstack-node-sdk/src/helpers/helper.js
- /Users/trupti/Desktop/PlaywrightCucumber/node_modules/browserstack-node-sdk/src/bin/runner.js
2025-04-15 13:13:37 - [34mdebug[39m: requireModuleV2 :: module - selenium-webdriver/package.json, package - selenium-webdriver
2025-04-15 13:13:37 - [34mdebug[39m: Getting selenium-webdriver/package.json from /Users/trupti/Desktop/PlaywrightCucumber
2025-04-15 13:13:37 - [34mdebug[39m: selenium-webdriver/package.json doesn't exist at /Users/trupti/Desktop/PlaywrightCucumber
2025-04-15 13:13:37 - [34mdebug[39m: Getting selenium-webdriver/package.json from path /Users/trupti/Desktop/PlaywrightCucumber
2025-04-15 13:13:37 - [34mdebug[39m: Getting selenium-webdriver/package.json from null
2025-04-15 13:13:37 - [34mdebug[39m: Error while loading package. Error: selenium-webdriver/package.json doesn't exist.
2025-04-15 13:13:37 - [34mdebug[39m: requireModuleV3 :: module - selenium-webdriver/package.json, package - selenium-webdriver
2025-04-15 13:13:37 - [34mdebug[39m: Unable to resolve module with requireModuleV3 with error: Error: Cannot find module 'selenium-webdriver'
Require stack:
- /Users/trupti/Desktop/PlaywrightCucumber/node_modules/browserstack-node-sdk/src/helpers/helper.js
- /Users/trupti/Desktop/PlaywrightCucumber/node_modules/browserstack-node-sdk/src/bin/runner.js
2025-04-15 13:13:37 - [34mdebug[39m: requireModuleV2 :: module - selenium-webdriver/package.json, package - selenium-webdriver
2025-04-15 13:13:37 - [34mdebug[39m: Getting selenium-webdriver/package.json from /Users/trupti/Desktop/PlaywrightCucumber
2025-04-15 13:13:37 - [34mdebug[39m: selenium-webdriver/package.json doesn't exist at /Users/trupti/Desktop/PlaywrightCucumber
2025-04-15 13:13:37 - [34mdebug[39m: Getting selenium-webdriver/package.json from path /Users/trupti/Desktop/PlaywrightCucumber
2025-04-15 13:13:37 - [34mdebug[39m: Getting selenium-webdriver/package.json from null
2025-04-15 13:13:37 - [34mdebug[39m: Error while loading package. Error: selenium-webdriver/package.json doesn't exist.
2025-04-15 13:13:37 - [34mdebug[39m: Firing SDK event for funnel data: {"userName":"[REDACTED]","accessKey":"[REDACTED]","event_type":"SDKTestSuccessful","detectedFramework":"cucumber-js","optimalHubUrl":[],"event_properties":{"testhub_uuid":"","sdkRunId":"d9cf6a93-8e77-4760-83b7-5f0e32151516","product_map":{"observability":true,"accessibility":false,"percy":false,"automate":true,"app_automate":false,"central_scanner":false,"lcnc":false},"productMap":{"observability":true,"accessibility":false,"percy":false,"automate":true,"app_automate":false,"central_scanner":false,"lcnc":false},"language_framework":"unknown","referrer":"cucumber-js-nodeagent/1.34.52","frameworkVersion":null,"automationFramework":"selenium","automationFrameworkVersion":null,"language":"nodejs","languageVersion":"v22.12.0","product":["automate","observability"],"buildName":"playwrightcucumber build","buildIdentifier":"#2","os":"Darwin","hostname":"Vishals-MacBook-Air.local","globalException":"Cannot read properties of null (reading 'split')","browserStackConfig":{"platforms":[{"os":"OS X","osVersion":"Big Sur","browserName":"Chrome","browserVersion":"latest"},{"os":"Windows","osVersion":10,"browserName":"Edge","browserVersion":"latest"},{"deviceName":"Samsung Galaxy S22 Ultra","browserName":"chrome","osVersion":12}],"parallelsPerPlatform":1,"browserstackLocal":true,"testObservability":true,"testContextOptions":{"skipSessionStatus":false,"skipSessionName":false},"browserStackLocalOptions":{"localIdentifier":"15_Apr_1313_Vishals-MacBook-Air.local_kq5t","skipBinaryInitialisation":false}},"seleniumVersion":null}}
2025-04-15 13:13:38 - [34mdebug[39m: API Event SDKTestSuccessful response - {"data":{"message":"SDK Event recorded successfully"},"body":"{\"message\":\"SDK Event recorded successfully\"}","statusCode":200}
2025-04-15 13:28:34 - [32minfo[39m: Running SDK with args /usr/local/bin/node /Users/trupti/Desktop/PlaywrightCucumber/node_modules/.bin/browserstack-node-sdk cucumber-js test
2025-04-15 13:28:34 - [32minfo[39m: Reading configs from /Users/trupti/Desktop/PlaywrightCucumber/browserstack.yml
2025-04-15 13:28:34 - [32minfo[39m: SDK run started with id: 1a859ce8-e1da-4748-936d-e14fe57d4f37
2025-04-15 13:28:34 - [34mdebug[39m: requireModuleV3 :: module - selenium-webdriver/package.json, package - selenium-webdriver
2025-04-15 13:28:34 - [34mdebug[39m: Unable to resolve module with requireModuleV3 with error: Error: Cannot find module 'selenium-webdriver'
Require stack:
- /Users/trupti/Desktop/PlaywrightCucumber/node_modules/browserstack-node-sdk/src/helpers/helper.js
- /Users/trupti/Desktop/PlaywrightCucumber/node_modules/browserstack-node-sdk/src/bin/runner.js
2025-04-15 13:28:34 - [34mdebug[39m: requireModuleV2 :: module - selenium-webdriver/package.json, package - selenium-webdriver
2025-04-15 13:28:34 - [34mdebug[39m: Getting selenium-webdriver/package.json from /Users/trupti/Desktop/PlaywrightCucumber
2025-04-15 13:28:34 - [34mdebug[39m: selenium-webdriver/package.json doesn't exist at /Users/trupti/Desktop/PlaywrightCucumber
2025-04-15 13:28:34 - [34mdebug[39m: Getting selenium-webdriver/package.json from path /Users/trupti/Desktop/PlaywrightCucumber
2025-04-15 13:28:34 - [34mdebug[39m: Getting selenium-webdriver/package.json from null
2025-04-15 13:28:34 - [34mdebug[39m: Error while loading package. Error: selenium-webdriver/package.json doesn't exist.
2025-04-15 13:28:34 - [34mdebug[39m: requireModuleV3 :: module - selenium-webdriver/package.json, package - selenium-webdriver
2025-04-15 13:28:34 - [34mdebug[39m: Unable to resolve module with requireModuleV3 with error: Error: Cannot find module 'selenium-webdriver'
Require stack:
- /Users/trupti/Desktop/PlaywrightCucumber/node_modules/browserstack-node-sdk/src/helpers/helper.js
- /Users/trupti/Desktop/PlaywrightCucumber/node_modules/browserstack-node-sdk/src/bin/runner.js
2025-04-15 13:28:34 - [34mdebug[39m: requireModuleV2 :: module - selenium-webdriver/package.json, package - selenium-webdriver
2025-04-15 13:28:34 - [34mdebug[39m: Getting selenium-webdriver/package.json from /Users/trupti/Desktop/PlaywrightCucumber
2025-04-15 13:28:34 - [34mdebug[39m: selenium-webdriver/package.json doesn't exist at /Users/trupti/Desktop/PlaywrightCucumber
2025-04-15 13:28:34 - [34mdebug[39m: Getting selenium-webdriver/package.json from path /Users/trupti/Desktop/PlaywrightCucumber
2025-04-15 13:28:34 - [34mdebug[39m: Getting selenium-webdriver/package.json from null
2025-04-15 13:28:34 - [34mdebug[39m: Error while loading package. Error: selenium-webdriver/package.json doesn't exist.
2025-04-15 13:28:34 - [31merror[39m: TypeError: Cannot read properties of null (reading 'split')
    at exports.<computed> [as compareVersions] (/Users/trupti/Desktop/PlaywrightCucumber/node_modules/browserstack-node-sdk/src/helpers/helper.js:1:150682)
    at new BrowserStackSetup (/Users/trupti/Desktop/PlaywrightCucumber/node_modules/browserstack-node-sdk/src/helpers/BrowserStackSetup.js:1:7101)
    at run (/Users/trupti/Desktop/PlaywrightCucumber/node_modules/browserstack-node-sdk/src/bin/cucumber-js/command.js:2:8281)
    at Object.VfsKX (/Users/trupti/Desktop/PlaywrightCucumber/node_modules/browserstack-node-sdk/src/bin/runner.js:2:3354)
    at captureError (/Users/trupti/Desktop/PlaywrightCucumber/node_modules/browserstack-node-sdk/src/bin/runner.js:2:3516)
    at Object.roRLO (/Users/trupti/Desktop/PlaywrightCucumber/node_modules/browserstack-node-sdk/src/bin/runner.js:2:7968)
    at /Users/trupti/Desktop/PlaywrightCucumber/node_modules/browserstack-node-sdk/src/bin/runner.js:2:8188
    at _.applyBuilderUpdateUsageAndParse (/Users/trupti/Desktop/PlaywrightCucumber/node_modules/yargs/build/index.cjs:1:7435)
    at _.runCommand (/Users/trupti/Desktop/PlaywrightCucumber/node_modules/yargs/build/index.cjs:1:7078)
    at [runYargsParserAndExecuteCommands] (/Users/trupti/Desktop/PlaywrightCucumber/node_modules/yargs/build/index.cjs:1:58539)
2025-04-15 13:28:34 - [34mdebug[39m: requireModuleV3 :: module - @playwright/test/package.json, package - @playwright/test
2025-04-15 13:28:34 - [34mdebug[39m: Resolved from resolveModuleV3 :: Path - /Users/trupti/Desktop/PlaywrightCucumber/node_modules/@playwright/test/package.json
2025-04-15 13:28:34 - [34mdebug[39m: requireModuleV3 :: module - selenium-webdriver/package.json, package - selenium-webdriver
2025-04-15 13:28:34 - [34mdebug[39m: Unable to resolve module with requireModuleV3 with error: Error: Cannot find module 'selenium-webdriver'
Require stack:
- /Users/trupti/Desktop/PlaywrightCucumber/node_modules/browserstack-node-sdk/src/helpers/helper.js
- /Users/trupti/Desktop/PlaywrightCucumber/node_modules/browserstack-node-sdk/src/bin/runner.js
2025-04-15 13:28:34 - [34mdebug[39m: requireModuleV2 :: module - selenium-webdriver/package.json, package - selenium-webdriver
2025-04-15 13:28:34 - [34mdebug[39m: Getting selenium-webdriver/package.json from /Users/trupti/Desktop/PlaywrightCucumber
2025-04-15 13:28:34 - [34mdebug[39m: selenium-webdriver/package.json doesn't exist at /Users/trupti/Desktop/PlaywrightCucumber
2025-04-15 13:28:34 - [34mdebug[39m: Getting selenium-webdriver/package.json from path /Users/trupti/Desktop/PlaywrightCucumber
2025-04-15 13:28:34 - [34mdebug[39m: Getting selenium-webdriver/package.json from null
2025-04-15 13:28:34 - [34mdebug[39m: Error while loading package. Error: selenium-webdriver/package.json doesn't exist.
2025-04-15 13:28:34 - [34mdebug[39m: requireModuleV3 :: module - selenium-webdriver/package.json, package - selenium-webdriver
2025-04-15 13:28:34 - [34mdebug[39m: Unable to resolve module with requireModuleV3 with error: Error: Cannot find module 'selenium-webdriver'
Require stack:
- /Users/trupti/Desktop/PlaywrightCucumber/node_modules/browserstack-node-sdk/src/helpers/helper.js
- /Users/trupti/Desktop/PlaywrightCucumber/node_modules/browserstack-node-sdk/src/bin/runner.js
2025-04-15 13:28:34 - [34mdebug[39m: requireModuleV2 :: module - selenium-webdriver/package.json, package - selenium-webdriver
2025-04-15 13:28:34 - [34mdebug[39m: Getting selenium-webdriver/package.json from /Users/trupti/Desktop/PlaywrightCucumber
2025-04-15 13:28:34 - [34mdebug[39m: selenium-webdriver/package.json doesn't exist at /Users/trupti/Desktop/PlaywrightCucumber
2025-04-15 13:28:34 - [34mdebug[39m: Getting selenium-webdriver/package.json from path /Users/trupti/Desktop/PlaywrightCucumber
2025-04-15 13:28:34 - [34mdebug[39m: Getting selenium-webdriver/package.json from null
2025-04-15 13:28:34 - [34mdebug[39m: Error while loading package. Error: selenium-webdriver/package.json doesn't exist.
2025-04-15 13:28:34 - [34mdebug[39m: Firing SDK event for funnel data: {"userName":"[REDACTED]","accessKey":"[REDACTED]","event_type":"SDKTestSuccessful","detectedFramework":"cucumber-js","optimalHubUrl":[],"event_properties":{"testhub_uuid":"","sdkRunId":"1a859ce8-e1da-4748-936d-e14fe57d4f37","product_map":{"observability":true,"accessibility":false,"percy":false,"automate":true,"app_automate":false,"central_scanner":false,"lcnc":false},"productMap":{"observability":true,"accessibility":false,"percy":false,"automate":true,"app_automate":false,"central_scanner":false,"lcnc":false},"language_framework":"unknown","referrer":"cucumber-js-nodeagent/1.34.52","frameworkVersion":null,"automationFramework":"selenium","automationFrameworkVersion":null,"language":"nodejs","languageVersion":"v22.12.0","product":["automate","observability"],"buildName":"playwrightcucumber build","buildIdentifier":"#3","os":"Darwin","hostname":"Vishals-MacBook-Air.local","globalException":"Cannot read properties of null (reading 'split')","browserStackConfig":{"platforms":[{"os":"OS X","osVersion":"Big Sur","browserName":"Chrome","browserVersion":"latest"},{"os":"Windows","osVersion":10,"browserName":"Edge","browserVersion":"latest"},{"deviceName":"Samsung Galaxy S22 Ultra","browserName":"chrome","osVersion":12}],"parallelsPerPlatform":1,"browserstackLocal":true,"testObservability":true,"testContextOptions":{"skipSessionStatus":false,"skipSessionName":false},"browserStackLocalOptions":{"localIdentifier":"15_Apr_1328_Vishals-MacBook-Air.local_d6xs","skipBinaryInitialisation":false}},"seleniumVersion":null}}
2025-04-15 13:28:35 - [34mdebug[39m: API Event SDKTestSuccessful response - {"data":{"message":"SDK Event recorded successfully"},"body":"{\"message\":\"SDK Event recorded successfully\"}","statusCode":200}
